<?xml version="1.0" encoding="UTF-8"?>
<!-- Generated by org.testng.reporters.JUnitReportReporter -->
<testsuite skipped="0" hostname="DESKTOP-R6HTLRL" name="hotelsTestCase.Hotels_006_Test" tests="3" failures="0" timestamp="2023-01-24T18:02:38 IST" time="27.768" errors="0">
  <testcase name="natinalitySelect" time="10.296" classname="hotelsTestCase.Hotels_006_Test"/>
  <system-out/>
  <testcase name="natinalitySelect" time="8.694" classname="hotelsTestCase.Hotels_006_Test"/>
  <system-out/>
  <testcase name="natinalitySelect" time="8.778" classname="hotelsTestCase.Hotels_006_Test"/>
  <system-out/>
</testsuite> <!-- hotelsTestCase.Hotels_006_Test -->
