<?xml version="1.0" encoding="UTF-8"?>
<!-- Generated by org.testng.reporters.JUnitReportReporter -->
<testsuite skipped="0" hostname="DESKTOP-R6HTLRL" name="hotelsTestCase.Hotels_009_Test" tests="1" failures="0" timestamp="2023-01-24T17:12:17 IST" time="30.485" errors="0">
  <testcase name="isolation" time="30.485" classname="hotelsTestCase.Hotels_009_Test"/>
  <system-out/>
</testsuite> <!-- hotelsTestCase.Hotels_009_Test -->
