<?xml version="1.0" encoding="UTF-8"?>
<!-- Generated by org.testng.reporters.JUnitReportReporter -->
<testsuite skipped="0" hostname="DESKTOP-R6HTLRL" name="hotelsTestCase.Hotels_007_Test" tests="1" failures="0" timestamp="2023-01-24T21:03:48 IST" time="6.660" errors="0">
  <testcase name="residenceSelect" time="6.660" classname="hotelsTestCase.Hotels_007_Test"/>
  <system-out/>
</testsuite> <!-- hotelsTestCase.Hotels_007_Test -->
