<?xml version="1.0" encoding="UTF-8"?>
<!-- Generated by org.testng.reporters.JUnitReportReporter -->
<testsuite skipped="0" hostname="DESKTOP-R6HTLRL" name="hotelsTestCase.Hotels_005_Test" tests="1" failures="0" timestamp="2023-01-24T17:05:41 IST" time="23.841" errors="0">
  <testcase name="guestRoomSelect" time="23.841" classname="hotelsTestCase.Hotels_005_Test"/>
  <system-out/>
</testsuite> <!-- hotelsTestCase.Hotels_005_Test -->
