<?xml version="1.0" encoding="UTF-8"?>
<!-- Generated by org.testng.reporters.JUnitReportReporter -->
<testsuite skipped="0" hostname="DESKTOP-R6HTLRL" name="hotelsTestCase.Hotels_002_Test" tests="1" failures="0" timestamp="2023-01-24T20:47:46 IST" time="7.883" errors="0">
  <testcase name="destinationError" time="7.883" classname="hotelsTestCase.Hotels_002_Test"/>
  <system-out/>
</testsuite> <!-- hotelsTestCase.Hotels_002_Test -->
