<?xml version="1.0" encoding="UTF-8"?>
<!-- Generated by org.testng.reporters.JUnitReportReporter -->
<testsuite skipped="0" hostname="DESKTOP-R6HTLRL" name="hotelsTestCase.Hotels_004_Test" tests="1" failures="0" timestamp="2023-01-24T17:37:36 IST" time="72.068" errors="0">
  <testcase name="checkOut" time="72.068" classname="hotelsTestCase.Hotels_004_Test"/>
  <system-out/>
</testsuite> <!-- hotelsTestCase.Hotels_004_Test -->
