<?xml version="1.0" encoding="UTF-8"?>
<!-- Generated by org.testng.reporters.JUnitReportReporter -->
<testsuite skipped="0" hostname="DESKTOP-R6HTLRL" name="hotelsTestCase.Hotels_10_Test" tests="1" failures="0" timestamp="2023-01-24T17:16:27 IST" time="61.368" errors="0">
  <testcase name="searchHotel" time="61.368" classname="hotelsTestCase.Hotels_10_Test"/>
  <system-out/>
</testsuite> <!-- hotelsTestCase.Hotels_10_Test -->
