<?xml version="1.0" encoding="UTF-8"?>
<!-- Generated by org.testng.reporters.JUnitReportReporter -->
<testsuite skipped="0" hostname="DESKTOP-R6HTLRL" name="hotelsTestCase.Hotels_003_Test" tests="1" failures="0" timestamp="2023-01-24T16:55:27 IST" time="21.415" errors="0">
  <testcase name="checkIncalenderPopUp" time="21.415" classname="hotelsTestCase.Hotels_003_Test"/>
  <system-out/>
</testsuite> <!-- hotelsTestCase.Hotels_003_Test -->
