<?xml version="1.0" encoding="UTF-8"?>
<!-- Generated by org.testng.reporters.JUnitReportReporter -->
<testsuite skipped="0" hostname="DESKTOP-R6HTLRL" name="hotelsTestCase.Hotels_001_Test" tests="4" failures="0" timestamp="2023-01-24T17:04:19 IST" time="110.150" errors="0">
  <testcase name="printLocator" time="28.409" classname="hotelsTestCase.Hotels_001_Test"/>
  <system-out/>
  <testcase name="printLocator" time="20.037" classname="hotelsTestCase.Hotels_001_Test"/>
  <system-out/>
  <testcase name="printLocator" time="35.105" classname="hotelsTestCase.Hotels_001_Test"/>
  <system-out/>
  <testcase name="printLocator" time="26.599" classname="hotelsTestCase.Hotels_001_Test"/>
  <system-out/>
</testsuite> <!-- hotelsTestCase.Hotels_001_Test -->
