<?xml version="1.0" encoding="UTF-8"?>
<!-- Generated by org.testng.reporters.JUnitReportReporter -->
<testsuite skipped="0" hostname="DESKTOP-R6HTLRL" name="hotelsTestCase.Hotels_008_Test" tests="1" failures="0" timestamp="2023-01-24T17:10:59 IST" time="21.741" errors="0">
  <testcase name="locators" time="21.741" classname="hotelsTestCase.Hotels_008_Test"/>
  <system-out/>
</testsuite> <!-- hotelsTestCase.Hotels_008_Test -->
